# JRE version: Java(TM) SE Runtime Environment (8.0_45-b14) (build 1.8.0_45-b14)
# Java VM: Java HotSpot(TM) 64-Bit Server VM (25.45-b02 mixed mode windows-amd64 compressed oops)
Heap:
 PSYoungGen      total 579072K, used 335237K [0x000000076c400000, 0x0000000791e00000, 0x00000007c0000000)
  eden space 567296K, 57% used [0x000000076c400000,0x00000007800302c8,0x000000078ee00000)
  from space 11776K, 97% used [0x0000000791280000,0x0000000791db1240,0x0000000791e00000)
  to   space 24064K, 0% used [0x000000078ef00000,0x000000078ef00000,0x0000000790680000)
 ParOldGen       total 202240K, used 42141K [0x00000006c4c00000, 0x00000006d1180000, 0x000000076c400000)
  object space 202240K, 20% used [0x00000006c4c00000,0x00000006c7527630,0x00000006d1180000)
 Metaspace       used 74499K, capacity 75454K, committed 75904K, reserved 1114112K
  class space    used 10633K, capacity 10850K, committed 10880K, reserved 1048576K
GC Heap History (10 events):
Event: 16.359 GC heap before
{Heap before GC invocations=13 (full 3):
 PSYoungGen      total 411136K, used 18650K [0x000000076c400000, 0x0000000787380000, 0x00000007c0000000)
  eden space 387584K, 0% used [0x000000076c400000,0x000000076c400000,0x0000000783e80000)
  from space 23552K, 79% used [0x0000000785c80000,0x0000000786eb69a8,0x0000000787380000)
  to   space 27136K, 0% used [0x0000000783e80000,0x0000000783e80000,0x0000000785900000)
 ParOldGen       total 143872K, used 42909K [0x00000006c4c00000, 0x00000006cd880000, 0x000000076c400000)
  object space 143872K, 29% used [0x00000006c4c00000,0x00000006c75e7728,0x00000006cd880000)
 Metaspace       used 58410K, capacity 58980K, committed 59160K, reserved 1099776K
  class space    used 8392K, capacity 8537K, committed 8576K, reserved 1048576K
Event: 16.611 GC heap after
Heap after GC invocations=13 (full 3):
 PSYoungGen      total 411136K, used 0K [0x000000076c400000, 0x0000000787380000, 0x00000007c0000000)
  eden space 387584K, 0% used [0x000000076c400000,0x000000076c400000,0x0000000783e80000)
  from space 23552K, 0% used [0x0000000785c80000,0x0000000785c80000,0x0000000787380000)
  to   space 27136K, 0% used [0x0000000783e80000,0x0000000783e80000,0x0000000785900000)
 ParOldGen       total 202240K, used 42109K [0x00000006c4c00000, 0x00000006d1180000, 0x000000076c400000)
  object space 202240K, 20% used [0x00000006c4c00000,0x00000006c751f630,0x00000006d1180000)
 Metaspace       used 58410K, capacity 58980K, committed 59160K, reserved 1099776K
  class space    used 8392K, capacity 8537K, committed 8576K, reserved 1048576K
}
Event: 24.306 GC heap before
{Heap before GC invocations=14 (full 3):
 PSYoungGen      total 411136K, used 387584K [0x000000076c400000, 0x0000000787380000, 0x00000007c0000000)
  eden space 387584K, 100% used [0x000000076c400000,0x0000000783e80000,0x0000000783e80000)
  from space 23552K, 0% used [0x0000000785c80000,0x0000000785c80000,0x0000000787380000)
  to   space 27136K, 0% used [0x0000000783e80000,0x0000000783e80000,0x0000000785900000)
 ParOldGen       total 202240K, used 42109K [0x00000006c4c00000, 0x00000006d1180000, 0x000000076c400000)
  object space 202240K, 20% used [0x00000006c4c00000,0x00000006c751f630,0x00000006d1180000)
 Metaspace       used 63340K, capacity 64126K, committed 64256K, reserved 1103872K
  class space    used 9003K, capacity 9186K, committed 9216K, reserved 1048576K
Event: 24.319 GC heap after
Heap after GC invocations=14 (full 3):
 PSYoungGen      total 414720K, used 10559K [0x000000076c400000, 0x000000078d980000, 0x00000007c0000000)
  eden space 387584K, 0% used [0x000000076c400000,0x000000076c400000,0x0000000783e80000)
  from space 27136K, 38% used [0x0000000783e80000,0x00000007848cfe10,0x0000000785900000)
  to   space 26112K, 0% used [0x000000078c000000,0x000000078c000000,0x000000078d980000)
 ParOldGen       total 202240K, used 42117K [0x00000006c4c00000, 0x00000006d1180000, 0x000000076c400000)
  object space 202240K, 20% used [0x00000006c4c00000,0x00000006c7521630,0x00000006d1180000)
 Metaspace       used 63340K, capacity 64126K, committed 64256K, reserved 1103872K
  class space    used 9003K, capacity 9186K, committed 9216K, reserved 1048576K
}
Event: 29.390 GC heap before
{Heap before GC invocations=15 (full 3):
 PSYoungGen      total 414720K, used 398143K [0x000000076c400000, 0x000000078d980000, 0x00000007c0000000)
  eden space 387584K, 100% used [0x000000076c400000,0x0000000783e80000,0x0000000783e80000)
  from space 27136K, 38% used [0x0000000783e80000,0x00000007848cfe10,0x0000000785900000)
  to   space 26112K, 0% used [0x000000078c000000,0x000000078c000000,0x000000078d980000)
 ParOldGen       total 202240K, used 42117K [0x00000006c4c00000, 0x00000006d1180000, 0x000000076c400000)
  object space 202240K, 20% used [0x00000006c4c00000,0x00000006c7521630,0x00000006d1180000)
 Metaspace       used 70642K, capacity 71520K, committed 71936K, reserved 1112064K
  class space    used 10028K, capacity 10227K, committed 10240K, reserved 1048576K
Event: 29.407 GC heap after
Heap after GC invocations=15 (full 3):
 PSYoungGen      total 496640K, used 15134K [0x000000076c400000, 0x000000078cf00000, 0x00000007c0000000)
  eden space 481280K, 0% used [0x000000076c400000,0x000000076c400000,0x0000000789a00000)
  from space 15360K, 98% used [0x000000078c000000,0x000000078cec7a30,0x000000078cf00000)
  to   space 25600K, 0% used [0x0000000789d00000,0x0000000789d00000,0x000000078b600000)
 ParOldGen       total 202240K, used 42125K [0x00000006c4c00000, 0x00000006d1180000, 0x000000076c400000)
  object space 202240K, 20% used [0x00000006c4c00000,0x00000006c7523630,0x00000006d1180000)
 Metaspace       used 70642K, capacity 71520K, committed 71936K, reserved 1112064K
  class space    used 10028K, capacity 10227K, committed 10240K, reserved 1048576K
}
Event: 43.250 GC heap before
{Heap before GC invocations=16 (full 3):
 PSYoungGen      total 496640K, used 496414K [0x000000076c400000, 0x000000078cf00000, 0x00000007c0000000)
  eden space 481280K, 100% used [0x000000076c400000,0x0000000789a00000,0x0000000789a00000)
  from space 15360K, 98% used [0x000000078c000000,0x000000078cec7a30,0x000000078cf00000)
  to   space 25600K, 0% used [0x0000000789d00000,0x0000000789d00000,0x000000078b600000)
 ParOldGen       total 202240K, used 42125K [0x00000006c4c00000, 0x00000006d1180000, 0x000000076c400000)
  object space 202240K, 20% used [0x00000006c4c00000,0x00000006c7523630,0x00000006d1180000)
 Metaspace       used 74437K, capacity 75390K, committed 75904K, reserved 1114112K
  class space    used 10631K, capacity 10850K, committed 10880K, reserved 1048576K
Event: 43.267 GC heap after
Heap after GC invocations=16 (full 3):
 PSYoungGen      total 509952K, used 14415K [0x000000076c400000, 0x0000000792b00000, 0x00000007c0000000)
  eden space 484352K, 0% used [0x000000076c400000,0x000000076c400000,0x0000000789d00000)
  from space 25600K, 56% used [0x0000000789d00000,0x000000078ab13fa0,0x000000078b600000)
  to   space 25088K, 0% used [0x0000000791280000,0x0000000791280000,0x0000000792b00000)
 ParOldGen       total 202240K, used 42133K [0x00000006c4c00000, 0x00000006d1180000, 0x000000076c400000)
  object space 202240K, 20% used [0x00000006c4c00000,0x00000006c7525630,0x00000006d1180000)
 Metaspace       used 74437K, capacity 75390K, committed 75904K, reserved 1114112K
  class space    used 10631K, capacity 10850K, committed 10880K, reserved 1048576K
}
Event: 59.552 GC heap before
{Heap before GC invocations=17 (full 3):
 PSYoungGen      total 509952K, used 498767K [0x000000076c400000, 0x0000000792b00000, 0x00000007c0000000)
  eden space 484352K, 100% used [0x000000076c400000,0x0000000789d00000,0x0000000789d00000)
  from space 25600K, 56% used [0x0000000789d00000,0x000000078ab13fa0,0x000000078b600000)
  to   space 25088K, 0% used [0x0000000791280000,0x0000000791280000,0x0000000792b00000)
 ParOldGen       total 202240K, used 42133K [0x00000006c4c00000, 0x00000006d1180000, 0x000000076c400000)
  object space 202240K, 20% used [0x00000006c4c00000,0x00000006c7525630,0x00000006d1180000)
 Metaspace       used 74465K, capacity 75454K, committed 75904K, reserved 1114112K
  class space    used 10632K, capacity 10850K, committed 10880K, reserved 1048576K
Event: 59.568 GC heap after
Heap after GC invocations=17 (full 3):
 PSYoungGen      total 579072K, used 11460K [0x000000076c400000, 0x0000000791e00000, 0x00000007c0000000)
  eden space 567296K, 0% used [0x000000076c400000,0x000000076c400000,0x000000078ee00000)
  from space 11776K, 97% used [0x0000000791280000,0x0000000791db1240,0x0000000791e00000)
  to   space 24064K, 0% used [0x000000078ef00000,0x000000078ef00000,0x0000000790680000)
 ParOldGen       total 202240K, used 42141K [0x00000006c4c00000, 0x00000006d1180000, 0x000000076c400000)
  object space 202240K, 20% used [0x00000006c4c00000,0x00000006c7527630,0x00000006d1180000)
 Metaspace       used 74465K, capacity 75454K, committed 75904K, reserved 1114112K
  class space    used 10632K, capacity 10850K, committed 10880K, reserved 1048576K
}

